LOCAL_RANK: 0 - CUDA_VISIBLE_DEVICES: [0]

  | Name              | Type                | Params | Mode
------------------------------------------------------------------
0 | feature_extractor | FeatureExtractorCNN | 37.8 K | train
1 | lstm_model        | SleepStageLSTM      | 215 K  | train
2 | criterion         | CrossEntropyLoss    | 0      | train
------------------------------------------------------------------
253 K     Trainable params
0         Non-trainable params
253 K     Total params
1.014     Total estimated model params size (MB)
14        Modules in train mode
0         Modules in eval mode
`Trainer.fit` stopped: `max_epochs=10` reached.
[I 2025-04-14 16:23:02,463] Trial 0 finished with value: 1.3220129013061523 and parameters: {'cnn_output_channels': 32, 'lstm_hidden_size': 128, 'learning_rate': 0.00023731732209598467}. Best is trial 0 with value: 1.3220129013061523.
/tmp/ipykernel_2298590/1061032611.py:8: FutureWarning: suggest_loguniform has been deprecated in v3.0.0. This feature will be removed in v6.0.0. See https://github.com/optuna/optuna/releases/tag/v3.0.0. Use suggest_float(..., log=True) instead.
  learning_rate = trial.suggest_loguniform("learning_rate", 1e-4, 1e-2)
/gpfs/data/oermannlab/users/slj9342/.conda/envs/dl4med_25/lib/python3.11/site-packages/lightning_fabric/plugins/environments/slurm.py:204: The `srun` command is available on your system but is not used. HINT: If your intention is to run Lightning on SLURM, prepend your python command with `srun` like so: srun python /gpfs/data/oermannlab/users/slj9342/.conda/envs/dl4m ...
GPU available: True (cuda), used: True
TPU available: False, using: 0 TPU cores
HPU available: False, using: 0 HPUs
/gpfs/data/oermannlab/users/slj9342/.conda/envs/dl4med_25/lib/python3.11/site-packages/pytorch_lightning/loggers/wandb.py:397: There is a wandb run already in progress and newly created instances of `WandbLogger` will reuse this run. If this is not desired, call `wandb.finish()` before instantiating `WandbLogger`.
LOCAL_RANK: 0 - CUDA_VISIBLE_DEVICES: [0]

  | Name              | Type                | Params | Mode
------------------------------------------------------------------
0 | feature_extractor | FeatureExtractorCNN | 37.8 K | train
1 | lstm_model        | SleepStageLSTM      | 58.7 K | train
2 | criterion         | CrossEntropyLoss    | 0      | train
------------------------------------------------------------------
96.5 K    Trainable params
0         Non-trainable params
96.5 K    Total params
0.386     Total estimated model params size (MB)
14        Modules in train mode
0         Modules in eval mode
[I 2025-04-14 21:04:05,207] Trial 1 finished with value: 1.3308666944503784 and parameters: {'cnn_output_channels': 32, 'lstm_hidden_size': 64, 'learning_rate': 0.0002744805083705453}. Best is trial 0 with value: 1.3220129013061523.
GPU available: True (cuda), used: True
TPU available: False, using: 0 TPU cores
HPU available: False, using: 0 HPUs
LOCAL_RANK: 0 - CUDA_VISIBLE_DEVICES: [0]

  | Name              | Type                | Params | Mode
------------------------------------------------------------------
0 | feature_extractor | FeatureExtractorCNN | 33.1 K | train
1 | lstm_model        | SleepStageLSTM      | 203 K  | train
2 | criterion         | CrossEntropyLoss    | 0      | train
------------------------------------------------------------------
236 K     Trainable params
0         Non-trainable params
236 K     Total params
0.946     Total estimated model params size (MB)
14        Modules in train mode
0         Modules in eval mode
`Trainer.fit` stopped: `max_epochs=10` reached.
[I 2025-04-14 21:09:47,415] Trial 2 finished with value: 1.3175828456878662 and parameters: {'cnn_output_channels': 8, 'lstm_hidden_size': 128, 'learning_rate': 0.0010509319361373894}. Best is trial 2 with value: 1.3175828456878662.
GPU available: True (cuda), used: True
TPU available: False, using: 0 TPU cores
HPU available: False, using: 0 HPUs
LOCAL_RANK: 0 - CUDA_VISIBLE_DEVICES: [0]

  | Name              | Type                | Params | Mode
------------------------------------------------------------------
0 | feature_extractor | FeatureExtractorCNN | 44.0 K | train
1 | lstm_model        | SleepStageLSTM      | 232 K  | train
2 | criterion         | CrossEntropyLoss    | 0      | train
------------------------------------------------------------------
276 K     Trainable params
0         Non-trainable params
276 K     Total params
1.104     Total estimated model params size (MB)
14        Modules in train mode
0         Modules in eval mode
[I 2025-04-14 21:12:37,178] Trial 3 finished with value: 1.3140277862548828 and parameters: {'cnn_output_channels': 64, 'lstm_hidden_size': 128, 'learning_rate': 0.0013612056217823197}. Best is trial 3 with value: 1.3140277862548828.
GPU available: True (cuda), used: True
TPU available: False, using: 0 TPU cores
HPU available: False, using: 0 HPUs
LOCAL_RANK: 0 - CUDA_VISIBLE_DEVICES: [0]

  | Name              | Type                | Params | Mode
------------------------------------------------------------------
0 | feature_extractor | FeatureExtractorCNN | 37.8 K | train
1 | lstm_model        | SleepStageLSTM      | 215 K  | train
2 | criterion         | CrossEntropyLoss    | 0      | train
------------------------------------------------------------------
253 K     Trainable params
0         Non-trainable params
253 K     Total params
1.014     Total estimated model params size (MB)
14        Modules in train mode
0         Modules in eval mode
[I 2025-04-14 21:15:26,724] Trial 4 finished with value: 1.376693844795227 and parameters: {'cnn_output_channels': 32, 'lstm_hidden_size': 128, 'learning_rate': 0.005201164970565208}. Best is trial 3 with value: 1.3140277862548828.
GPU available: True (cuda), used: True
TPU available: False, using: 0 TPU cores
HPU available: False, using: 0 HPUs
LOCAL_RANK: 0 - CUDA_VISIBLE_DEVICES: [0]

  | Name              | Type                | Params | Mode
------------------------------------------------------------------
0 | feature_extractor | FeatureExtractorCNN | 33.1 K | train
1 | lstm_model        | SleepStageLSTM      | 14.0 K | train
2 | criterion         | CrossEntropyLoss    | 0      | train
------------------------------------------------------------------
47.1 K    Trainable params
0         Non-trainable params
47.1 K    Total params
0.188     Total estimated model params size (MB)
14        Modules in train mode
0         Modules in eval mode
[I 2025-04-14 21:19:19,844] Trial 5 finished with value: 1.3674236536026 and parameters: {'cnn_output_channels': 8, 'lstm_hidden_size': 32, 'learning_rate': 0.00010752857257155833}. Best is trial 3 with value: 1.3140277862548828.
GPU available: True (cuda), used: True
TPU available: False, using: 0 TPU cores
HPU available: False, using: 0 HPUs
LOCAL_RANK: 0 - CUDA_VISIBLE_DEVICES: [0]

  | Name              | Type                | Params | Mode
------------------------------------------------------------------
0 | feature_extractor | FeatureExtractorCNN | 37.8 K | train
1 | lstm_model        | SleepStageLSTM      | 17.1 K | train
2 | criterion         | CrossEntropyLoss    | 0      | train
------------------------------------------------------------------
54.8 K    Trainable params
0         Non-trainable params
54.8 K    Total params
0.219     Total estimated model params size (MB)
14        Modules in train mode
0         Modules in eval mode
[I 2025-04-14 21:22:06,105] Trial 6 finished with value: 1.319880723953247 and parameters: {'cnn_output_channels': 32, 'lstm_hidden_size': 32, 'learning_rate': 0.006012756405551307}. Best is trial 3 with value: 1.3140277862548828.
GPU available: True (cuda), used: True
TPU available: False, using: 0 TPU cores
HPU available: False, using: 0 HPUs
LOCAL_RANK: 0 - CUDA_VISIBLE_DEVICES: [0]

  | Name              | Type                | Params | Mode
------------------------------------------------------------------
0 | feature_extractor | FeatureExtractorCNN | 37.8 K | train
1 | lstm_model        | SleepStageLSTM      | 215 K  | train
2 | criterion         | CrossEntropyLoss    | 0      | train
------------------------------------------------------------------
253 K     Trainable params
0         Non-trainable params
253 K     Total params
1.014     Total estimated model params size (MB)
14        Modules in train mode
0         Modules in eval mode
[I 2025-04-14 21:27:05,930] Trial 7 finished with value: 1.305756688117981 and parameters: {'cnn_output_channels': 32, 'lstm_hidden_size': 128, 'learning_rate': 0.003341634056203995}. Best is trial 7 with value: 1.305756688117981.
GPU available: True (cuda), used: True
TPU available: False, using: 0 TPU cores
HPU available: False, using: 0 HPUs
LOCAL_RANK: 0 - CUDA_VISIBLE_DEVICES: [0]

  | Name              | Type                | Params | Mode
------------------------------------------------------------------
0 | feature_extractor | FeatureExtractorCNN | 44.0 K | train
1 | lstm_model        | SleepStageLSTM      | 66.9 K | train
2 | criterion         | CrossEntropyLoss    | 0      | train
------------------------------------------------------------------
110 K     Trainable params
0         Non-trainable params
110 K     Total params
0.444     Total estimated model params size (MB)
14        Modules in train mode
0         Modules in eval mode
[I 2025-04-14 21:30:59,701] Trial 8 finished with value: 1.312040090560913 and parameters: {'cnn_output_channels': 64, 'lstm_hidden_size': 64, 'learning_rate': 0.0010260682383986049}. Best is trial 7 with value: 1.305756688117981.
GPU available: True (cuda), used: True
TPU available: False, using: 0 TPU cores
HPU available: False, using: 0 HPUs
LOCAL_RANK: 0 - CUDA_VISIBLE_DEVICES: [0]

  | Name              | Type                | Params | Mode
------------------------------------------------------------------
0 | feature_extractor | FeatureExtractorCNN | 37.8 K | train
1 | lstm_model        | SleepStageLSTM      | 58.7 K | train
2 | criterion         | CrossEntropyLoss    | 0      | train
------------------------------------------------------------------
96.5 K    Trainable params
0         Non-trainable params
96.5 K    Total params
0.386     Total estimated model params size (MB)
14        Modules in train mode
0         Modules in eval mode
[I 2025-04-14 21:33:13,374] Trial 9 finished with value: 1.3271552324295044 and parameters: {'cnn_output_channels': 32, 'lstm_hidden_size': 64, 'learning_rate': 0.0074781932104161656}. Best is trial 7 with value: 1.305756688117981.
EXECUTABLE/gpfs/data/oermannlab/users/slj9342/.conda/envs/dl4med_25/bin/pythonEXECUTABLE
EXECUTABLE/gpfs/data/oermannlab/users/slj9342/.conda/envs/dl4med_25/bin/pythonEXECUTABLE
EXECUTABLE/gpfs/data/oermannlab/users/slj9342/.conda/envs/dl4med_25/bin/pythonEXECUTABLE
EXECUTABLE/gpfs/data/oermannlab/users/slj9342/.conda/envs/dl4med_25/bin/pythonEXECUTABLE
EXECUTABLE/gpfs/data/oermannlab/users/slj9342/.conda/envs/dl4med_25/bin/pythonEXECUTABLE
EXECUTABLE/gpfs/data/oermannlab/users/slj9342/.conda/envs/dl4med_25/bin/pythonEXECUTABLE
EXECUTABLE/gpfs/data/oermannlab/users/slj9342/.conda/envs/dl4med_25/bin/pythonEXECUTABLE
EXECUTABLE/gpfs/data/oermannlab/users/slj9342/.conda/envs/dl4med_25/bin/pythonEXECUTABLE
EXECUTABLE/gpfs/data/oermannlab/users/slj9342/.conda/envs/dl4med_25/bin/pythonEXECUTABLE
EXECUTABLE/gpfs/data/oermannlab/users/slj9342/.conda/envs/dl4med_25/bin/pythonEXECUTABLE
EXECUTABLE/gpfs/data/oermannlab/users/slj9342/.conda/envs/dl4med_25/bin/pythonEXECUTABLE
EXECUTABLE/gpfs/data/oermannlab/users/slj9342/.conda/envs/dl4med_25/bin/pythonEXECUTABLE
EXECUTABLE/gpfs/data/oermannlab/users/slj9342/.conda/envs/dl4med_25/bin/pythonEXECUTABLE
EXECUTABLE/gpfs/data/oermannlab/users/slj9342/.conda/envs/dl4med_25/bin/pythonEXECUTABLE
EXECUTABLE/gpfs/data/oermannlab/users/slj9342/.conda/envs/dl4med_25/bin/pythonEXECUTABLE
EXECUTABLE/gpfs/data/oermannlab/users/slj9342/.conda/envs/dl4med_25/bin/pythonEXECUTABLE
EXECUTABLE/gpfs/data/oermannlab/users/slj9342/.conda/envs/dl4med_25/bin/pythonEXECUTABLE
EXECUTABLE/gpfs/data/oermannlab/users/slj9342/.conda/envs/dl4med_25/bin/pythonEXECUTABLE
EXECUTABLE/gpfs/data/oermannlab/users/slj9342/.conda/envs/dl4med_25/bin/pythonEXECUTABLE
EXECUTABLE/gpfs/data/oermannlab/users/slj9342/.conda/envs/dl4med_25/bin/pythonEXECUTABLE
EXECUTABLE/gpfs/data/oermannlab/users/slj9342/.conda/envs/dl4med_25/bin/pythonEXECUTABLE
EXECUTABLE/gpfs/data/oermannlab/users/slj9342/.conda/envs/dl4med_25/bin/pythonEXECUTABLE
EXECUTABLE/gpfs/data/oermannlab/users/slj9342/.conda/envs/dl4med_25/bin/pythonEXECUTABLE
EXECUTABLE/gpfs/data/oermannlab/users/slj9342/.conda/envs/dl4med_25/bin/pythonEXECUTABLE
EXECUTABLE/gpfs/data/oermannlab/users/slj9342/.conda/envs/dl4med_25/bin/pythonEXECUTABLE
EXECUTABLE/gpfs/data/oermannlab/users/slj9342/.conda/envs/dl4med_25/bin/pythonEXECUTABLE
EXECUTABLE/gpfs/data/oermannlab/users/slj9342/.conda/envs/dl4med_25/bin/pythonEXECUTABLE
EXECUTABLE/gpfs/data/oermannlab/users/slj9342/.conda/envs/dl4med_25/bin/pythonEXECUTABLE
EXECUTABLE/gpfs/data/oermannlab/users/slj9342/.conda/envs/dl4med_25/bin/pythonEXECUTABLE
EXECUTABLE/gpfs/data/oermannlab/users/slj9342/.conda/envs/dl4med_25/bin/pythonEXECUTABLE
EXECUTABLE/gpfs/data/oermannlab/users/slj9342/.conda/envs/dl4med_25/bin/pythonEXECUTABLE
EXECUTABLE/gpfs/data/oermannlab/users/slj9342/.conda/envs/dl4med_25/bin/pythonEXECUTABLE
EXECUTABLE/gpfs/data/oermannlab/users/slj9342/.conda/envs/dl4med_25/bin/pythonEXECUTABLE
EXECUTABLE/gpfs/data/oermannlab/users/slj9342/.conda/envs/dl4med_25/bin/pythonEXECUTABLE
EXECUTABLE/gpfs/data/oermannlab/users/slj9342/.conda/envs/dl4med_25/bin/pythonEXECUTABLE
EXECUTABLE/gpfs/data/oermannlab/users/slj9342/.conda/envs/dl4med_25/bin/pythonEXECUTABLE
EXECUTABLE/gpfs/data/oermannlab/users/slj9342/.conda/envs/dl4med_25/bin/pythonEXECUTABLE
EXECUTABLE/gpfs/data/oermannlab/users/slj9342/.conda/envs/dl4med_25/bin/pythonEXECUTABLE
